SF:lib/features/auth/data/models/sign_in_model.dart
DA:6,1
DA:7,1
DA:8,1
DA:9,1
DA:10,1
DA:11,1
LF:6
LH:6
end_of_record
SF:lib/core/network/responses/auth/sign_in_response.dart
DA:13,2
DA:15,1
DA:16,1
DA:18,2
LF:4
LH:4
end_of_record
SF:lib/core/network/responses/auth/sign_in_response.g.dart
DA:9,1
DA:10,1
DA:11,1
DA:12,1
DA:13,1
DA:14,1
DA:15,1
DA:18,1
DA:19,1
DA:20,1
DA:21,1
DA:22,1
DA:23,1
DA:24,1
LF:14
LH:14
end_of_record
SF:lib/features/auth/domain/entities/user_model.dart
DA:9,3
DA:16,1
DA:17,5
LF:3
LH:3
end_of_record
SF:lib/core/network/api_response.dart
DA:16,2
DA:18,1
DA:20,1
DA:22,1
DA:23,1
LF:5
LH:5
end_of_record
SF:lib/core/network/api_response.g.dart
DA:9,1
DA:13,1
DA:14,2
DA:15,1
DA:16,2
DA:19,1
DA:23,1
DA:24,1
DA:25,1
DA:26,2
DA:29,1
DA:33,1
DA:35,1
DA:39,1
LF:14
LH:14
end_of_record
SF:lib/core/network/resquests/auth/sign_in_request.dart
DA:7,2
DA:12,2
DA:13,6
DA:15,1
DA:17,1
DA:18,1
DA:19,1
LF:7
LH:7
end_of_record
SF:lib/core/helpers/shared_preference_helper.dart
DA:12,1
DA:15,1
DA:16,2
DA:19,1
DA:20,2
DA:25,1
DA:26,2
DA:29,1
DA:30,2
LF:9
LH:9
end_of_record
SF:lib/core/helpers/localization_helper.dart
DA:7,1
DA:8,4
DA:10,3
DA:20,1
DA:22,1
DA:24,1
LF:6
LH:6
end_of_record
SF:lib/core/common/result.dart
DA:5,3
DA:9,1
DA:14,2
LF:3
LH:3
end_of_record
SF:lib/core/network/api_service.g.dart
DA:12,0
DA:16,0
DA:23,0
DA:26,0
DA:27,0
DA:28,0
DA:29,0
DA:30,0
DA:31,0
DA:36,0
DA:37,0
DA:42,0
DA:43,0
DA:44,0
DA:45,0
DA:47,0
DA:48,0
DA:49,0
DA:54,0
DA:55,0
DA:56,0
DA:57,0
DA:58,0
DA:59,0
DA:61,0
DA:67,0
DA:71,0
DA:75,0
DA:77,0
DA:78,0
DA:81,0
LF:31
LH:0
end_of_record
SF:lib/core/network/api_service.dart
DA:21,0
DA:22,0
DA:25,0
DA:32,0
DA:41,0
LF:5
LH:0
end_of_record
SF:lib/features/auth/data/data_sources/auth_remote_data_source.dart
DA:14,1
DA:16,1
DA:19,1
DA:20,2
DA:21,1
DA:22,1
DA:24,3
DA:26,1
DA:27,1
LF:9
LH:9
end_of_record
